Crash Annotation GraphicsCriticalError: |[0][GFX1-]: glxtest: libpci missing (t=1.14361) [GFX1-]: glxtest: libpci missing
Crash Annotation GraphicsCriticalError: |[0][GFX1-]: glxtest: libpci missing (t=1.14361) |[1][GFX1-]: glxtest: libEGL missing (t=1.14366) [GFX1-]: glxtest: libEGL missing
Crash Annotation GraphicsCriticalError: |[0][GFX1-]: glxtest: libpci missing (t=1.14361) |[1][GFX1-]: glxtest: libEGL missing (t=1.14366) |[2][GFX1-]: glxtest: libGL.so.1 missing (t=1.14369) [GFX1-]: glxtest: libGL.so.1 missing
Crash Annotation GraphicsCriticalError: |[0][GFX1-]: glxtest: libpci missing (t=1.14361) |[1][GFX1-]: glxtest: libEGL missing (t=1.14366) |[2][GFX1-]: glxtest: libGL.so.1 missing (t=1.14369) |[3][GFX1-]: glxtest: libEGL missing (t=1.14371) [GFX1-]: glxtest: libEGL missing
Crash Annotation GraphicsCriticalError: |[0][GFX1-]: glxtest: libpci missing (t=1.14361) |[1][GFX1-]: glxtest: libEGL missing (t=1.14366) |[2][GFX1-]: glxtest: libGL.so.1 missing (t=1.14369) |[3][GFX1-]: glxtest: libEGL missing (t=1.14371) |[4][GFX1-]: No GPUs detected via PCI (t=1.14373) [GFX1-]: No GPUs detected via PCI
Crash Annotation GraphicsCriticalError: |[0][GFX1-]: glxtest: libpci missing (t=0.973859) [GFX1-]: glxtest: libpci missing
Crash Annotation GraphicsCriticalError: |[0][GFX1-]: glxtest: libpci missing (t=0.973859) |[1][GFX1-]: glxtest: libEGL missing (t=0.973921) [GFX1-]: glxtest: libEGL missing
Crash Annotation GraphicsCriticalError: |[0][GFX1-]: glxtest: libpci missing (t=0.973859) |[1][GFX1-]: glxtest: libEGL missing (t=0.973921) |[2][GFX1-]: glxtest: libGL.so.1 missing (t=0.973934) [GFX1-]: glxtest: libGL.so.1 missing
Crash Annotation GraphicsCriticalError: |[0][GFX1-]: glxtest: libpci missing (t=0.973859) |[1][GFX1-]: glxtest: libEGL missing (t=0.973921) |[2][GFX1-]: glxtest: libGL.so.1 missing (t=0.973934) |[3][GFX1-]: glxtest: libEGL missing (t=0.973946) [GFX1-]: glxtest: libEGL missing
Crash Annotation GraphicsCriticalError: |[0][GFX1-]: glxtest: libpci missing (t=0.973859) |[1][GFX1-]: glxtest: libEGL missing (t=0.973921) |[2][GFX1-]: glxtest: libGL.so.1 missing (t=0.973934) |[3][GFX1-]: glxtest: libEGL missing (t=0.973946) |[4][GFX1-]: No GPUs detected via PCI (t=0.973977) [GFX1-]: No GPUs detected via PCI
Crash Annotation GraphicsCriticalError: |[0][GFX1-]: glxtest: libpci missing (t=1.04738) [GFX1-]: glxtest: libpci missing
Crash Annotation GraphicsCriticalError: |[0][GFX1-]: glxtest: libpci missing (t=1.04738) |[1][GFX1-]: glxtest: libEGL missing (t=1.04744) [GFX1-]: glxtest: libEGL missing
Crash Annotation GraphicsCriticalError: |[0][GFX1-]: glxtest: libpci missing (t=1.04738) |[1][GFX1-]: glxtest: libEGL missing (t=1.04744) |[2][GFX1-]: glxtest: libGL.so.1 missing (t=1.04745) [GFX1-]: glxtest: libGL.so.1 missing
Crash Annotation GraphicsCriticalError: |[0][GFX1-]: glxtest: libpci missing (t=1.04738) |[1][GFX1-]: glxtest: libEGL missing (t=1.04744) |[2][GFX1-]: glxtest: libGL.so.1 missing (t=1.04745) |[3][GFX1-]: glxtest: libEGL missing (t=1.04746) [GFX1-]: glxtest: libEGL missing
Crash Annotation GraphicsCriticalError: |[0][GFX1-]: glxtest: libpci missing (t=1.04738) |[1][GFX1-]: glxtest: libEGL missing (t=1.04744) |[2][GFX1-]: glxtest: libGL.so.1 missing (t=1.04745) |[3][GFX1-]: glxtest: libEGL missing (t=1.04746) |[4][GFX1-]: No GPUs detected via PCI (t=1.04748) [GFX1-]: No GPUs detected via PCI
Crash Annotation GraphicsCriticalError: |[0][GFX1-]: glxtest: libpci missing (t=0.964104) [GFX1-]: glxtest: libpci missing
Crash Annotation GraphicsCriticalError: |[0][GFX1-]: glxtest: libpci missing (t=0.964104) |[1][GFX1-]: glxtest: libEGL missing (t=0.964164) [GFX1-]: glxtest: libEGL missing
Crash Annotation GraphicsCriticalError: |[0][GFX1-]: glxtest: libpci missing (t=0.964104) |[1][GFX1-]: glxtest: libEGL missing (t=0.964164) |[2][GFX1-]: glxtest: libGL.so.1 missing (t=0.964177) [GFX1-]: glxtest: libGL.so.1 missing
Crash Annotation GraphicsCriticalError: |[0][GFX1-]: glxtest: libpci missing (t=0.964104) |[1][GFX1-]: glxtest: libEGL missing (t=0.964164) |[2][GFX1-]: glxtest: libGL.so.1 missing (t=0.964177) |[3][GFX1-]: glxtest: libEGL missing (t=0.964189) [GFX1-]: glxtest: libEGL missing
Crash Annotation GraphicsCriticalError: |[0][GFX1-]: glxtest: libpci missing (t=0.964104) |[1][GFX1-]: glxtest: libEGL missing (t=0.964164) |[2][GFX1-]: glxtest: libGL.so.1 missing (t=0.964177) |[3][GFX1-]: glxtest: libEGL missing (t=0.964189) |[4][GFX1-]: No GPUs detected via PCI (t=0.964216) [GFX1-]: No GPUs detected via PCI
Crash Annotation GraphicsCriticalError: |[0][GFX1-]: glxtest: libpci missing (t=1.0909) [GFX1-]: glxtest: libpci missing
Crash Annotation GraphicsCriticalError: |[0][GFX1-]: glxtest: libpci missing (t=1.0909) |[1][GFX1-]: glxtest: libEGL missing (t=1.09094) [GFX1-]: glxtest: libEGL missing
Crash Annotation GraphicsCriticalError: |[0][GFX1-]: glxtest: libpci missing (t=1.0909) |[1][GFX1-]: glxtest: libEGL missing (t=1.09094) |[2][GFX1-]: glxtest: libGL.so.1 missing (t=1.09097) [GFX1-]: glxtest: libGL.so.1 missing
Crash Annotation GraphicsCriticalError: |[0][GFX1-]: glxtest: libpci missing (t=1.0909) |[1][GFX1-]: glxtest: libEGL missing (t=1.09094) |[2][GFX1-]: glxtest: libGL.so.1 missing (t=1.09097) |[3][GFX1-]: glxtest: libEGL missing (t=1.09098) [GFX1-]: glxtest: libEGL missing
Crash Annotation GraphicsCriticalError: |[0][GFX1-]: glxtest: libpci missing (t=1.0909) |[1][GFX1-]: glxtest: libEGL missing (t=1.09094) |[2][GFX1-]: glxtest: libGL.so.1 missing (t=1.09097) |[3][GFX1-]: glxtest: libEGL missing (t=1.09098) |[4][GFX1-]: No GPUs detected via PCI (t=1.091) [GFX1-]: No GPUs detected via PCI
Crash Annotation GraphicsCriticalError: |[0][GFX1-]: glxtest: libpci missing (t=1.00941) [GFX1-]: glxtest: libpci missing
Crash Annotation GraphicsCriticalError: |[0][GFX1-]: glxtest: libpci missing (t=1.00941) |[1][GFX1-]: glxtest: libEGL missing (t=1.00949) [GFX1-]: glxtest: libEGL missing
Crash Annotation GraphicsCriticalError: |[0][GFX1-]: glxtest: libpci missing (t=1.00941) |[1][GFX1-]: glxtest: libEGL missing (t=1.00949) |[2][GFX1-]: glxtest: libGL.so.1 missing (t=1.00952) [GFX1-]: glxtest: libGL.so.1 missing
Crash Annotation GraphicsCriticalError: |[0][GFX1-]: glxtest: libpci missing (t=1.00941) |[1][GFX1-]: glxtest: libEGL missing (t=1.00949) |[2][GFX1-]: glxtest: libGL.so.1 missing (t=1.00952) |[3][GFX1-]: glxtest: libEGL missing (t=1.00953) [GFX1-]: glxtest: libEGL missing
Crash Annotation GraphicsCriticalError: |[0][GFX1-]: glxtest: libpci missing (t=1.00941) |[1][GFX1-]: glxtest: libEGL missing (t=1.00949) |[2][GFX1-]: glxtest: libGL.so.1 missing (t=1.00952) |[3][GFX1-]: glxtest: libEGL missing (t=1.00953) |[4][GFX1-]: No GPUs detected via PCI (t=1.00955) [GFX1-]: No GPUs detected via PCI
Crash Annotation GraphicsCriticalError: |[0][GFX1-]: glxtest: libpci missing (t=1.05112) [GFX1-]: glxtest: libpci missing
Crash Annotation GraphicsCriticalError: |[0][GFX1-]: glxtest: libpci missing (t=1.05112) |[1][GFX1-]: glxtest: libEGL missing (t=1.05116) [GFX1-]: glxtest: libEGL missing
Crash Annotation GraphicsCriticalError: |[0][GFX1-]: glxtest: libpci missing (t=1.05112) |[1][GFX1-]: glxtest: libEGL missing (t=1.05116) |[2][GFX1-]: glxtest: libGL.so.1 missing (t=1.05118) [GFX1-]: glxtest: libGL.so.1 missing
Crash Annotation GraphicsCriticalError: |[0][GFX1-]: glxtest: libpci missing (t=1.05112) |[1][GFX1-]: glxtest: libEGL missing (t=1.05116) |[2][GFX1-]: glxtest: libGL.so.1 missing (t=1.05118) |[3][GFX1-]: glxtest: libEGL missing (t=1.0512) [GFX1-]: glxtest: libEGL missing
Crash Annotation GraphicsCriticalError: |[0][GFX1-]: glxtest: libpci missing (t=1.05112) |[1][GFX1-]: glxtest: libEGL missing (t=1.05116) |[2][GFX1-]: glxtest: libGL.so.1 missing (t=1.05118) |[3][GFX1-]: glxtest: libEGL missing (t=1.0512) |[4][GFX1-]: No GPUs detected via PCI (t=1.05121) [GFX1-]: No GPUs detected via PCI
Crash Annotation GraphicsCriticalError: |[0][GFX1-]: glxtest: libpci missing (t=0.951027) [GFX1-]: glxtest: libpci missing
Crash Annotation GraphicsCriticalError: |[0][GFX1-]: glxtest: libpci missing (t=0.951027) |[1][GFX1-]: glxtest: libEGL missing (t=0.951067) [GFX1-]: glxtest: libEGL missing
Crash Annotation GraphicsCriticalError: |[0][GFX1-]: glxtest: libpci missing (t=0.951027) |[1][GFX1-]: glxtest: libEGL missing (t=0.951067) |[2][GFX1-]: glxtest: libGL.so.1 missing (t=0.951094) [GFX1-]: glxtest: libGL.so.1 missing
Crash Annotation GraphicsCriticalError: |[0][GFX1-]: glxtest: libpci missing (t=0.951027) |[1][GFX1-]: glxtest: libEGL missing (t=0.951067) |[2][GFX1-]: glxtest: libGL.so.1 missing (t=0.951094) |[3][GFX1-]: glxtest: libEGL missing (t=0.951117) [GFX1-]: glxtest: libEGL missing
Crash Annotation GraphicsCriticalError: |[0][GFX1-]: glxtest: libpci missing (t=0.951027) |[1][GFX1-]: glxtest: libEGL missing (t=0.951067) |[2][GFX1-]: glxtest: libGL.so.1 missing (t=0.951094) |[3][GFX1-]: glxtest: libEGL missing (t=0.951117) |[4][GFX1-]: No GPUs detected via PCI (t=0.951135) [GFX1-]: No GPUs detected via PCI
Crash Annotation GraphicsCriticalError: |[0][GFX1-]: glxtest: libpci missing (t=6.52552) [GFX1-]: glxtest: libpci missing
Crash Annotation GraphicsCriticalError: |[0][GFX1-]: glxtest: libpci missing (t=6.52552) |[1][GFX1-]: glxtest: libEGL missing (t=6.53761) [GFX1-]: glxtest: libEGL missing
Crash Annotation GraphicsCriticalError: |[0][GFX1-]: glxtest: libpci missing (t=6.52552) |[1][GFX1-]: glxtest: libEGL missing (t=6.53761) |[2][GFX1-]: glxtest: libGL.so.1 missing (t=6.53763) [GFX1-]: glxtest: libGL.so.1 missing
Crash Annotation GraphicsCriticalError: |[0][GFX1-]: glxtest: libpci missing (t=6.52552) |[1][GFX1-]: glxtest: libEGL missing (t=6.53761) |[2][GFX1-]: glxtest: libGL.so.1 missing (t=6.53763) |[3][GFX1-]: glxtest: libEGL missing (t=6.53765) [GFX1-]: glxtest: libEGL missing
Crash Annotation GraphicsCriticalError: |[0][GFX1-]: glxtest: libpci missing (t=6.52552) |[1][GFX1-]: glxtest: libEGL missing (t=6.53761) |[2][GFX1-]: glxtest: libGL.so.1 missing (t=6.53763) |[3][GFX1-]: glxtest: libEGL missing (t=6.53765) |[4][GFX1-]: No GPUs detected via PCI (t=6.53767) [GFX1-]: No GPUs detected via PCI
Crash Annotation GraphicsCriticalError: |[0][GFX1-]: glxtest: libpci missing (t=0.97252) [GFX1-]: glxtest: libpci missing
Crash Annotation GraphicsCriticalError: |[0][GFX1-]: glxtest: libpci missing (t=0.97252) |[1][GFX1-]: glxtest: libEGL missing (t=0.972562) [GFX1-]: glxtest: libEGL missing
Crash Annotation GraphicsCriticalError: |[0][GFX1-]: glxtest: libpci missing (t=0.97252) |[1][GFX1-]: glxtest: libEGL missing (t=0.972562) |[2][GFX1-]: glxtest: libGL.so.1 missing (t=0.972575) [GFX1-]: glxtest: libGL.so.1 missing
Crash Annotation GraphicsCriticalError: |[0][GFX1-]: glxtest: libpci missing (t=0.97252) |[1][GFX1-]: glxtest: libEGL missing (t=0.972562) |[2][GFX1-]: glxtest: libGL.so.1 missing (t=0.972575) |[3][GFX1-]: glxtest: libEGL missing (t=0.972588) [GFX1-]: glxtest: libEGL missing
Crash Annotation GraphicsCriticalError: |[0][GFX1-]: glxtest: libpci missing (t=0.97252) |[1][GFX1-]: glxtest: libEGL missing (t=0.972562) |[2][GFX1-]: glxtest: libGL.so.1 missing (t=0.972575) |[3][GFX1-]: glxtest: libEGL missing (t=0.972588) |[4][GFX1-]: No GPUs detected via PCI (t=0.972605) [GFX1-]: No GPUs detected via PCI
Crash Annotation GraphicsCriticalError: |[0][GFX1-]: glxtest: libpci missing (t=1.19099) [GFX1-]: glxtest: libpci missing
Crash Annotation GraphicsCriticalError: |[0][GFX1-]: glxtest: libpci missing (t=1.19099) |[1][GFX1-]: glxtest: libEGL missing (t=1.19103) [GFX1-]: glxtest: libEGL missing
Crash Annotation GraphicsCriticalError: |[0][GFX1-]: glxtest: libpci missing (t=1.19099) |[1][GFX1-]: glxtest: libEGL missing (t=1.19103) |[2][GFX1-]: glxtest: libGL.so.1 missing (t=1.19104) [GFX1-]: glxtest: libGL.so.1 missing
Crash Annotation GraphicsCriticalError: |[0][GFX1-]: glxtest: libpci missing (t=1.19099) |[1][GFX1-]: glxtest: libEGL missing (t=1.19103) |[2][GFX1-]: glxtest: libGL.so.1 missing (t=1.19104) |[3][GFX1-]: glxtest: libEGL missing (t=1.19106) [GFX1-]: glxtest: libEGL missing
Crash Annotation GraphicsCriticalError: |[0][GFX1-]: glxtest: libpci missing (t=1.19099) |[1][GFX1-]: glxtest: libEGL missing (t=1.19103) |[2][GFX1-]: glxtest: libGL.so.1 missing (t=1.19104) |[3][GFX1-]: glxtest: libEGL missing (t=1.19106) |[4][GFX1-]: No GPUs detected via PCI (t=1.19107) [GFX1-]: No GPUs detected via PCI
Crash Annotation GraphicsCriticalError: |[0][GFX1-]: glxtest: libpci missing (t=1.01133) [GFX1-]: glxtest: libpci missing
Crash Annotation GraphicsCriticalError: |[0][GFX1-]: glxtest: libpci missing (t=1.01133) |[1][GFX1-]: glxtest: libEGL missing (t=1.01137) [GFX1-]: glxtest: libEGL missing
Crash Annotation GraphicsCriticalError: |[0][GFX1-]: glxtest: libpci missing (t=1.01133) |[1][GFX1-]: glxtest: libEGL missing (t=1.01137) |[2][GFX1-]: glxtest: libGL.so.1 missing (t=1.0114) [GFX1-]: glxtest: libGL.so.1 missing
Crash Annotation GraphicsCriticalError: |[0][GFX1-]: glxtest: libpci missing (t=1.01133) |[1][GFX1-]: glxtest: libEGL missing (t=1.01137) |[2][GFX1-]: glxtest: libGL.so.1 missing (t=1.0114) |[3][GFX1-]: glxtest: libEGL missing (t=1.01142) [GFX1-]: glxtest: libEGL missing
Crash Annotation GraphicsCriticalError: |[0][GFX1-]: glxtest: libpci missing (t=1.01133) |[1][GFX1-]: glxtest: libEGL missing (t=1.01137) |[2][GFX1-]: glxtest: libGL.so.1 missing (t=1.0114) |[3][GFX1-]: glxtest: libEGL missing (t=1.01142) |[4][GFX1-]: No GPUs detected via PCI (t=1.01143) [GFX1-]: No GPUs detected via PCI
Crash Annotation GraphicsCriticalError: |[0][GFX1-]: glxtest: libpci missing (t=1.05128) [GFX1-]: glxtest: libpci missing
Crash Annotation GraphicsCriticalError: |[0][GFX1-]: glxtest: libpci missing (t=1.05128) |[1][GFX1-]: glxtest: libEGL missing (t=1.05135) [GFX1-]: glxtest: libEGL missing
Crash Annotation GraphicsCriticalError: |[0][GFX1-]: glxtest: libpci missing (t=1.05128) |[1][GFX1-]: glxtest: libEGL missing (t=1.05135) |[2][GFX1-]: glxtest: libGL.so.1 missing (t=1.05136) [GFX1-]: glxtest: libGL.so.1 missing
Crash Annotation GraphicsCriticalError: |[0][GFX1-]: glxtest: libpci missing (t=1.05128) |[1][GFX1-]: glxtest: libEGL missing (t=1.05135) |[2][GFX1-]: glxtest: libGL.so.1 missing (t=1.05136) |[3][GFX1-]: glxtest: libEGL missing (t=1.05138) [GFX1-]: glxtest: libEGL missing
Crash Annotation GraphicsCriticalError: |[0][GFX1-]: glxtest: libpci missing (t=1.05128) |[1][GFX1-]: glxtest: libEGL missing (t=1.05135) |[2][GFX1-]: glxtest: libGL.so.1 missing (t=1.05136) |[3][GFX1-]: glxtest: libEGL missing (t=1.05138) |[4][GFX1-]: No GPUs detected via PCI (t=1.0514) [GFX1-]: No GPUs detected via PCI
Crash Annotation GraphicsCriticalError: |[0][GFX1-]: glxtest: libpci missing (t=1.061) [GFX1-]: glxtest: libpci missing
Crash Annotation GraphicsCriticalError: |[0][GFX1-]: glxtest: libpci missing (t=1.061) |[1][GFX1-]: glxtest: libEGL missing (t=1.06232) [GFX1-]: glxtest: libEGL missing
Crash Annotation GraphicsCriticalError: |[0][GFX1-]: glxtest: libpci missing (t=1.061) |[1][GFX1-]: glxtest: libEGL missing (t=1.06232) |[2][GFX1-]: glxtest: libGL.so.1 missing (t=1.06233) [GFX1-]: glxtest: libGL.so.1 missing
Crash Annotation GraphicsCriticalError: |[0][GFX1-]: glxtest: libpci missing (t=1.061) |[1][GFX1-]: glxtest: libEGL missing (t=1.06232) |[2][GFX1-]: glxtest: libGL.so.1 missing (t=1.06233) |[3][GFX1-]: glxtest: libEGL missing (t=1.06235) [GFX1-]: glxtest: libEGL missing
Crash Annotation GraphicsCriticalError: |[0][GFX1-]: glxtest: libpci missing (t=1.061) |[1][GFX1-]: glxtest: libEGL missing (t=1.06232) |[2][GFX1-]: glxtest: libGL.so.1 missing (t=1.06233) |[3][GFX1-]: glxtest: libEGL missing (t=1.06235) |[4][GFX1-]: No GPUs detected via PCI (t=1.06237) [GFX1-]: No GPUs detected via PCI
Crash Annotation GraphicsCriticalError: |[0][GFX1-]: glxtest: libpci missing (t=0.956672) [GFX1-]: glxtest: libpci missing
Crash Annotation GraphicsCriticalError: |[0][GFX1-]: glxtest: libpci missing (t=0.956672) |[1][GFX1-]: glxtest: libEGL missing (t=0.956712) [GFX1-]: glxtest: libEGL missing
Crash Annotation GraphicsCriticalError: |[0][GFX1-]: glxtest: libpci missing (t=0.956672) |[1][GFX1-]: glxtest: libEGL missing (t=0.956712) |[2][GFX1-]: glxtest: libGL.so.1 missing (t=0.956724) [GFX1-]: glxtest: libGL.so.1 missing
Crash Annotation GraphicsCriticalError: |[0][GFX1-]: glxtest: libpci missing (t=0.956672) |[1][GFX1-]: glxtest: libEGL missing (t=0.956712) |[2][GFX1-]: glxtest: libGL.so.1 missing (t=0.956724) |[3][GFX1-]: glxtest: libEGL missing (t=0.956736) [GFX1-]: glxtest: libEGL missing
Crash Annotation GraphicsCriticalError: |[0][GFX1-]: glxtest: libpci missing (t=0.956672) |[1][GFX1-]: glxtest: libEGL missing (t=0.956712) |[2][GFX1-]: glxtest: libGL.so.1 missing (t=0.956724) |[3][GFX1-]: glxtest: libEGL missing (t=0.956736) |[4][GFX1-]: No GPUs detected via PCI (t=0.956765) [GFX1-]: No GPUs detected via PCI
Crash Annotation GraphicsCriticalError: |[0][GFX1-]: glxtest: libpci missing (t=0.985447) [GFX1-]: glxtest: libpci missing
Crash Annotation GraphicsCriticalError: |[0][GFX1-]: glxtest: libpci missing (t=0.985447) |[1][GFX1-]: glxtest: libEGL missing (t=0.985491) [GFX1-]: glxtest: libEGL missing
Crash Annotation GraphicsCriticalError: |[0][GFX1-]: glxtest: libpci missing (t=0.985447) |[1][GFX1-]: glxtest: libEGL missing (t=0.985491) |[2][GFX1-]: glxtest: libGL.so.1 missing (t=0.985517) [GFX1-]: glxtest: libGL.so.1 missing
Crash Annotation GraphicsCriticalError: |[0][GFX1-]: glxtest: libpci missing (t=0.985447) |[1][GFX1-]: glxtest: libEGL missing (t=0.985491) |[2][GFX1-]: glxtest: libGL.so.1 missing (t=0.985517) |[3][GFX1-]: glxtest: libEGL missing (t=0.985529) [GFX1-]: glxtest: libEGL missing
Crash Annotation GraphicsCriticalError: |[0][GFX1-]: glxtest: libpci missing (t=0.985447) |[1][GFX1-]: glxtest: libEGL missing (t=0.985491) |[2][GFX1-]: glxtest: libGL.so.1 missing (t=0.985517) |[3][GFX1-]: glxtest: libEGL missing (t=0.985529) |[4][GFX1-]: No GPUs detected via PCI (t=0.985547) [GFX1-]: No GPUs detected via PCI
Crash Annotation GraphicsCriticalError: |[0][GFX1-]: glxtest: libpci missing (t=1.03269) [GFX1-]: glxtest: libpci missing
Crash Annotation GraphicsCriticalError: |[0][GFX1-]: glxtest: libpci missing (t=1.03269) |[1][GFX1-]: glxtest: libEGL missing (t=1.03273) [GFX1-]: glxtest: libEGL missing
Crash Annotation GraphicsCriticalError: |[0][GFX1-]: glxtest: libpci missing (t=1.03269) |[1][GFX1-]: glxtest: libEGL missing (t=1.03273) |[2][GFX1-]: glxtest: libGL.so.1 missing (t=1.03276) [GFX1-]: glxtest: libGL.so.1 missing
Crash Annotation GraphicsCriticalError: |[0][GFX1-]: glxtest: libpci missing (t=1.03269) |[1][GFX1-]: glxtest: libEGL missing (t=1.03273) |[2][GFX1-]: glxtest: libGL.so.1 missing (t=1.03276) |[3][GFX1-]: glxtest: libEGL missing (t=1.03277) [GFX1-]: glxtest: libEGL missing
Crash Annotation GraphicsCriticalError: |[0][GFX1-]: glxtest: libpci missing (t=1.03269) |[1][GFX1-]: glxtest: libEGL missing (t=1.03273) |[2][GFX1-]: glxtest: libGL.so.1 missing (t=1.03276) |[3][GFX1-]: glxtest: libEGL missing (t=1.03277) |[4][GFX1-]: No GPUs detected via PCI (t=1.03279) [GFX1-]: No GPUs detected via PCI
Crash Annotation GraphicsCriticalError: |[0][GFX1-]: glxtest: libpci missing (t=0.985668) [GFX1-]: glxtest: libpci missing
Crash Annotation GraphicsCriticalError: |[0][GFX1-]: glxtest: libpci missing (t=0.985668) |[1][GFX1-]: glxtest: libEGL missing (t=0.985708) [GFX1-]: glxtest: libEGL missing
Crash Annotation GraphicsCriticalError: |[0][GFX1-]: glxtest: libpci missing (t=0.985668) |[1][GFX1-]: glxtest: libEGL missing (t=0.985708) |[2][GFX1-]: glxtest: libGL.so.1 missing (t=0.985735) [GFX1-]: glxtest: libGL.so.1 missing
Crash Annotation GraphicsCriticalError: |[0][GFX1-]: glxtest: libpci missing (t=0.985668) |[1][GFX1-]: glxtest: libEGL missing (t=0.985708) |[2][GFX1-]: glxtest: libGL.so.1 missing (t=0.985735) |[3][GFX1-]: glxtest: libEGL missing (t=0.985747) [GFX1-]: glxtest: libEGL missing
Crash Annotation GraphicsCriticalError: |[0][GFX1-]: glxtest: libpci missing (t=0.985668) |[1][GFX1-]: glxtest: libEGL missing (t=0.985708) |[2][GFX1-]: glxtest: libGL.so.1 missing (t=0.985735) |[3][GFX1-]: glxtest: libEGL missing (t=0.985747) |[4][GFX1-]: No GPUs detected via PCI (t=0.985765) [GFX1-]: No GPUs detected via PCI
Crash Annotation GraphicsCriticalError: |[0][GFX1-]: glxtest: libpci missing (t=13.7752) [GFX1-]: glxtest: libpci missing
Crash Annotation GraphicsCriticalError: |[0][GFX1-]: glxtest: libpci missing (t=13.7752) |[1][GFX1-]: glxtest: libEGL missing (t=13.8127) [GFX1-]: glxtest: libEGL missing
Crash Annotation GraphicsCriticalError: |[0][GFX1-]: glxtest: libpci missing (t=13.7752) |[1][GFX1-]: glxtest: libEGL missing (t=13.8127) |[2][GFX1-]: glxtest: libGL.so.1 missing (t=13.8127) [GFX1-]: glxtest: libGL.so.1 missing
Crash Annotation GraphicsCriticalError: |[0][GFX1-]: glxtest: libpci missing (t=13.7752) |[1][GFX1-]: glxtest: libEGL missing (t=13.8127) |[2][GFX1-]: glxtest: libGL.so.1 missing (t=13.8127) |[3][GFX1-]: glxtest: libEGL missing (t=13.8128) [GFX1-]: glxtest: libEGL missing
Crash Annotation GraphicsCriticalError: |[0][GFX1-]: glxtest: libpci missing (t=13.7752) |[1][GFX1-]: glxtest: libEGL missing (t=13.8127) |[2][GFX1-]: glxtest: libGL.so.1 missing (t=13.8127) |[3][GFX1-]: glxtest: libEGL missing (t=13.8128) |[4][GFX1-]: No GPUs detected via PCI (t=13.8128) [GFX1-]: No GPUs detected via PCI
